2024-03-07 12:09:06
RDS instance's SQL Server Engine before upgrade
[ "15.00.4345.5.v1 ]
Value of MultiAZ is false
2024-03-07 12:09:31
Converting Single AZ to MultiAZ
Pease wait DB is not in available state
2024-03-07 12:10:04
Pease wait DB is not in available state
2024-03-07 12:11:08
Pease wait DB is not in available state
2024-03-07 12:12:12
Pease wait DB is not in available state
2024-03-07 12:13:15
Pease wait DB is not in available state
2024-03-07 12:14:19
Pease wait DB is not in available state
2024-03-07 12:15:22
Pease wait DB is not in available state
2024-03-07 12:16:27
Pease wait DB is not in available state
2024-03-07 12:17:31
Pease wait DB is not in available state
2024-03-07 12:18:34
Pease wait DB is not in available state
2024-03-07 12:19:38
Pease wait DB is not in available state
2024-03-07 12:20:43
Pease wait DB is not in available state
2024-03-07 12:21:47
Pease wait DB is not in available state
2024-03-07 12:22:52
Pease wait DB is not in available state
2024-03-07 12:23:57
Pease wait DB is not in available state
2024-03-07 12:25:01
Pease wait DB is not in available state
2024-03-07 12:26:06
Pease wait DB is not in available state
2024-03-07 12:27:11
Pease wait DB is not in available state
2024-03-07 12:28:15
Pease wait DB is not in available state
2024-03-07 12:29:18
